C:\backup Naveed code\Angular 5X VS2017\MVC-Angular5\MVC5-Angular5\AngularCode\dist\out-tsc\e2e\app.po.js
C:\backup Naveed code\Angular 5X VS2017\MVC-Angular5\MVC5-Angular5\AngularCode\dist\out-tsc\e2e\app.po.js.map
C:\backup Naveed code\Angular 5X VS2017\MVC-Angular5\MVC5-Angular5\AngularCode\dist\out-tsc\e2e\app.e2e-spec.js
C:\backup Naveed code\Angular 5X VS2017\MVC-Angular5\MVC5-Angular5\AngularCode\dist\out-tsc\e2e\app.e2e-spec.js.map
C:\backup Naveed code\Angular 5X VS2017\MVC-Angular5\MVC5-Angular5\AngularCode\dist\out-tsc\src\app\app.component.js
C:\backup Naveed code\Angular 5X VS2017\MVC-Angular5\MVC5-Angular5\AngularCode\dist\out-tsc\src\app\app.component.js.map
C:\backup Naveed code\Angular 5X VS2017\MVC-Angular5\MVC5-Angular5\AngularCode\dist\out-tsc\src\app\admin\admin.component.js
C:\backup Naveed code\Angular 5X VS2017\MVC-Angular5\MVC5-Angular5\AngularCode\dist\out-tsc\src\app\admin\admin.component.js.map
C:\backup Naveed code\Angular 5X VS2017\MVC-Angular5\MVC5-Angular5\AngularCode\dist\out-tsc\src\app\admin\users\users.component.js
C:\backup Naveed code\Angular 5X VS2017\MVC-Angular5\MVC5-Angular5\AngularCode\dist\out-tsc\src\app\admin\users\users.component.js.map
C:\backup Naveed code\Angular 5X VS2017\MVC-Angular5\MVC5-Angular5\AngularCode\dist\out-tsc\src\app\admin\emails\emails.component.js
C:\backup Naveed code\Angular 5X VS2017\MVC-Angular5\MVC5-Angular5\AngularCode\dist\out-tsc\src\app\admin\emails\emails.component.js.map
C:\backup Naveed code\Angular 5X VS2017\MVC-Angular5\MVC5-Angular5\AngularCode\dist\out-tsc\src\app\admin\admin-routing.module.js
C:\backup Naveed code\Angular 5X VS2017\MVC-Angular5\MVC5-Angular5\AngularCode\dist\out-tsc\src\app\admin\admin-routing.module.js.map
C:\backup Naveed code\Angular 5X VS2017\MVC-Angular5\MVC5-Angular5\AngularCode\dist\out-tsc\src\app\admin\admin.module.js
C:\backup Naveed code\Angular 5X VS2017\MVC-Angular5\MVC5-Angular5\AngularCode\dist\out-tsc\src\app\admin\admin.module.js.map
C:\backup Naveed code\Angular 5X VS2017\MVC-Angular5\MVC5-Angular5\AngularCode\dist\out-tsc\src\app\dashboard\dashboard.component.js
C:\backup Naveed code\Angular 5X VS2017\MVC-Angular5\MVC5-Angular5\AngularCode\dist\out-tsc\src\app\dashboard\dashboard.component.js.map
C:\backup Naveed code\Angular 5X VS2017\MVC-Angular5\MVC5-Angular5\AngularCode\dist\out-tsc\src\app\items\items.component.js
C:\backup Naveed code\Angular 5X VS2017\MVC-Angular5\MVC5-Angular5\AngularCode\dist\out-tsc\src\app\items\items.component.js.map
C:\backup Naveed code\Angular 5X VS2017\MVC-Angular5\MVC5-Angular5\AngularCode\dist\out-tsc\src\app\employees\shared\employee.model.js
C:\backup Naveed code\Angular 5X VS2017\MVC-Angular5\MVC5-Angular5\AngularCode\dist\out-tsc\src\app\employees\shared\employee.model.js.map
C:\backup Naveed code\Angular 5X VS2017\MVC-Angular5\MVC5-Angular5\AngularCode\dist\out-tsc\src\app\employees\shared\employee.service.js
C:\backup Naveed code\Angular 5X VS2017\MVC-Angular5\MVC5-Angular5\AngularCode\dist\out-tsc\src\app\employees\shared\employee.service.js.map
C:\backup Naveed code\Angular 5X VS2017\MVC-Angular5\MVC5-Angular5\AngularCode\dist\out-tsc\src\app\employees\employee\employee.component.js
C:\backup Naveed code\Angular 5X VS2017\MVC-Angular5\MVC5-Angular5\AngularCode\dist\out-tsc\src\app\employees\employee\employee.component.js.map
C:\backup Naveed code\Angular 5X VS2017\MVC-Angular5\MVC5-Angular5\AngularCode\dist\out-tsc\src\app\app-routing.module.js
C:\backup Naveed code\Angular 5X VS2017\MVC-Angular5\MVC5-Angular5\AngularCode\dist\out-tsc\src\app\app-routing.module.js.map
C:\backup Naveed code\Angular 5X VS2017\MVC-Angular5\MVC5-Angular5\AngularCode\dist\out-tsc\src\app\employees\employee-list\employee-list.component.js
C:\backup Naveed code\Angular 5X VS2017\MVC-Angular5\MVC5-Angular5\AngularCode\dist\out-tsc\src\app\employees\employee-list\employee-list.component.js.map
C:\backup Naveed code\Angular 5X VS2017\MVC-Angular5\MVC5-Angular5\AngularCode\dist\out-tsc\src\app\app.module.js
C:\backup Naveed code\Angular 5X VS2017\MVC-Angular5\MVC5-Angular5\AngularCode\dist\out-tsc\src\app\app.module.js.map
C:\backup Naveed code\Angular 5X VS2017\MVC-Angular5\MVC5-Angular5\AngularCode\dist\out-tsc\src\environments\environment.js
C:\backup Naveed code\Angular 5X VS2017\MVC-Angular5\MVC5-Angular5\AngularCode\dist\out-tsc\src\environments\environment.js.map
C:\backup Naveed code\Angular 5X VS2017\MVC-Angular5\MVC5-Angular5\AngularCode\dist\out-tsc\src\main.js
C:\backup Naveed code\Angular 5X VS2017\MVC-Angular5\MVC5-Angular5\AngularCode\dist\out-tsc\src\main.js.map
C:\backup Naveed code\Angular 5X VS2017\MVC-Angular5\MVC5-Angular5\AngularCode\dist\out-tsc\src\polyfills.js
C:\backup Naveed code\Angular 5X VS2017\MVC-Angular5\MVC5-Angular5\AngularCode\dist\out-tsc\src\polyfills.js.map
C:\backup Naveed code\Angular 5X VS2017\MVC-Angular5\MVC5-Angular5\AngularCode\dist\out-tsc\src\test.js
C:\backup Naveed code\Angular 5X VS2017\MVC-Angular5\MVC5-Angular5\AngularCode\dist\out-tsc\src\test.js.map
C:\backup Naveed code\Angular 5X VS2017\MVC-Angular5\MVC5-Angular5\AngularCode\dist\out-tsc\src\app\app.component.spec.js
C:\backup Naveed code\Angular 5X VS2017\MVC-Angular5\MVC5-Angular5\AngularCode\dist\out-tsc\src\app\app.component.spec.js.map
C:\backup Naveed code\Angular 5X VS2017\MVC-Angular5\MVC5-Angular5\AngularCode\dist\out-tsc\src\environments\environment.prod.js
C:\backup Naveed code\Angular 5X VS2017\MVC-Angular5\MVC5-Angular5\AngularCode\dist\out-tsc\src\environments\environment.prod.js.map
C:\backup Naveed code\Angular 5X VS2017\MVC-Angular5\MVC5-Angular5\AngularCode\dist\out-tsc\src\app\admin\admin.component.spec.js
C:\backup Naveed code\Angular 5X VS2017\MVC-Angular5\MVC5-Angular5\AngularCode\dist\out-tsc\src\app\admin\admin.component.spec.js.map
C:\backup Naveed code\Angular 5X VS2017\MVC-Angular5\MVC5-Angular5\AngularCode\dist\out-tsc\src\app\dashboard\dashboard.component.spec.js
C:\backup Naveed code\Angular 5X VS2017\MVC-Angular5\MVC5-Angular5\AngularCode\dist\out-tsc\src\app\dashboard\dashboard.component.spec.js.map
C:\backup Naveed code\Angular 5X VS2017\MVC-Angular5\MVC5-Angular5\AngularCode\dist\out-tsc\src\app\items\items.component.spec.js
C:\backup Naveed code\Angular 5X VS2017\MVC-Angular5\MVC5-Angular5\AngularCode\dist\out-tsc\src\app\items\items.component.spec.js.map
C:\backup Naveed code\Angular 5X VS2017\MVC-Angular5\MVC5-Angular5\AngularCode\dist\out-tsc\src\app\admin\emails\emails.component.spec.js
C:\backup Naveed code\Angular 5X VS2017\MVC-Angular5\MVC5-Angular5\AngularCode\dist\out-tsc\src\app\admin\emails\emails.component.spec.js.map
C:\backup Naveed code\Angular 5X VS2017\MVC-Angular5\MVC5-Angular5\AngularCode\dist\out-tsc\src\app\admin\users\users.component.spec.js
C:\backup Naveed code\Angular 5X VS2017\MVC-Angular5\MVC5-Angular5\AngularCode\dist\out-tsc\src\app\admin\users\users.component.spec.js.map
C:\backup Naveed code\Angular 5X VS2017\MVC-Angular5\MVC5-Angular5\AngularCode\dist\out-tsc\src\app\employees\employee-list\employee-list.component.spec.js
C:\backup Naveed code\Angular 5X VS2017\MVC-Angular5\MVC5-Angular5\AngularCode\dist\out-tsc\src\app\employees\employee-list\employee-list.component.spec.js.map
C:\backup Naveed code\Angular 5X VS2017\MVC-Angular5\MVC5-Angular5\AngularCode\dist\out-tsc\src\app\employees\shared\employee.service.spec.js
C:\backup Naveed code\Angular 5X VS2017\MVC-Angular5\MVC5-Angular5\AngularCode\dist\out-tsc\src\app\employees\shared\employee.service.spec.js.map
